<?xml version="1.0" encoding="UTF-8"?>
<testng-results skipped="0" failed="0" ignored="0" total="1" passed="1">
  <reporter-output>
  </reporter-output>
  <suite name="Default suite" duration-ms="8552" started-at="2018-05-12T17:04:09Z" finished-at="2018-05-12T17:04:17Z">
    <groups>
    </groups>
    <test name="Default test" duration-ms="8552" started-at="2018-05-12T17:04:09Z" finished-at="2018-05-12T17:04:17Z">
      <class name="Testcases.TC_001">
        <test-method status="PASS" signature="testcase1()[pri:0, instance:Testcases.TC_001@12cdcf4]" name="testcase1" duration-ms="8512" started-at="2018-05-12T17:04:09Z" finished-at="2018-05-12T17:04:17Z">
          <reporter-output>
          </reporter-output>
        </test-method> <!-- testcase1 -->
      </class> <!-- Testcases.TC_001 -->
    </test> <!-- Default test -->
  </suite> <!-- Default suite -->
</testng-results>
