<?xml version="1.0" encoding="UTF-8"?>
<testng-results skipped="0" failed="0" ignored="0" total="2" passed="2">
  <reporter-output>
  </reporter-output>
  <suite name="Default suite" duration-ms="27287" started-at="2018-10-13T17:00:58Z" finished-at="2018-10-13T17:01:25Z">
    <groups>
    </groups>
    <test name="Default test" duration-ms="27287" started-at="2018-10-13T17:00:58Z" finished-at="2018-10-13T17:01:25Z">
      <class name="Testcases.TC_002">
        <test-method status="PASS" signature="testcase1()[pri:0, instance:Testcases.TC_002@5bcea91b]" name="testcase1" duration-ms="15290" started-at="2018-10-13T17:00:58Z" finished-at="2018-10-13T17:01:13Z">
          <reporter-output>
          </reporter-output>
        </test-method> <!-- testcase1 -->
      </class> <!-- Testcases.TC_002 -->
      <class name="Testcases.TC_001">
        <test-method status="PASS" signature="testcase1()[pri:0, instance:Testcases.TC_001@5f3a4b84]" name="testcase1" duration-ms="11927" started-at="2018-10-13T17:01:13Z" finished-at="2018-10-13T17:01:25Z">
          <reporter-output>
          </reporter-output>
        </test-method> <!-- testcase1 -->
      </class> <!-- Testcases.TC_001 -->
    </test> <!-- Default test -->
  </suite> <!-- Default suite -->
</testng-results>
